# JRE version: Java(TM) SE Runtime Environment (21.0.4+8) (build 21.0.4+8-LTS-274)
# Java VM: Java HotSpot(TM) 64-Bit Server VM (21.0.4+8-LTS-274, mixed mode, sharing, tiered, compressed oops, compressed class ptrs, g1 gc, windows-amd64)
GC Precious Log:
 CardTable entry size: 512
 Card Set container configuration: InlinePtr #cards 4 size 8 Array Of Cards #cards 16 size 48 Howl #buckets 8 coarsen threshold 3686 Howl Bitmap #cards 512 size 80 coarsen threshold 460 Card regions per heap region 1 cards per card region 4096
 CPUs: 12 total, 12 available
 Memory: 16147M
 Large Page Support: Disabled
 NUMA Support: Disabled
 Compressed Oops: Enabled (Zero based)
 Heap Region Size: 2M
 Heap Min Capacity: 8M
 Heap Initial Capacity: 254M
 Heap Max Capacity: 4038M
 Pre-touch: Disabled
 Parallel Workers: 10
 Concurrent Workers: 3
 Concurrent Refinement Workers: 10
 Periodic GC: Disabled
Heap:
 garbage-first heap   total 81920K, used 45646K [0x0000000703a00000, 0x0000000800000000)
  region size 2048K, 10 young (20480K), 2 survivors (4096K)
 Metaspace       used 76392K, committed 77120K, reserved 1179648K
  class space    used 10354K, committed 10688K, reserved 1048576K
GC Heap History (20 events):
Event: 1.428 GC heap before
{Heap before GC invocations=2 (full 0):
 garbage-first heap   total 260096K, used 44718K [0x0000000703a00000, 0x0000000800000000)
  region size 2048K, 21 young (43008K), 2 survivors (4096K)
 Metaspace       used 21239K, committed 21504K, reserved 1114112K
  class space    used 2682K, committed 2816K, reserved 1048576K
}
Event: 1.432 GC heap after
{Heap after GC invocations=3 (full 0):
 garbage-first heap   total 260096K, used 13626K [0x0000000703a00000, 0x0000000800000000)
  region size 2048K, 3 young (6144K), 3 survivors (6144K)
 Metaspace       used 21239K, committed 21504K, reserved 1114112K
  class space    used 2682K, committed 2816K, reserved 1048576K
}
Event: 1.940 GC heap before
{Heap before GC invocations=4 (full 0):
 garbage-first heap   total 55296K, used 40250K [0x0000000703a00000, 0x0000000800000000)
  region size 2048K, 16 young (32768K), 3 survivors (6144K)
 Metaspace       used 24975K, committed 25280K, reserved 1114112K
  class space    used 3184K, committed 3328K, reserved 1048576K
}
Event: 1.947 GC heap after
{Heap after GC invocations=5 (full 0):
 garbage-first heap   total 55296K, used 16045K [0x0000000703a00000, 0x0000000800000000)
  region size 2048K, 2 young (4096K), 2 survivors (4096K)
 Metaspace       used 24975K, committed 25280K, reserved 1114112K
  class space    used 3184K, committed 3328K, reserved 1048576K
}
Event: 2.449 GC heap before
{Heap before GC invocations=5 (full 0):
 garbage-first heap   total 55296K, used 36525K [0x0000000703a00000, 0x0000000800000000)
  region size 2048K, 13 young (26624K), 2 survivors (4096K)
 Metaspace       used 29296K, committed 29760K, reserved 1114112K
  class space    used 3826K, committed 4032K, reserved 1048576K
}
Event: 2.456 GC heap after
{Heap after GC invocations=6 (full 0):
 garbage-first heap   total 55296K, used 17830K [0x0000000703a00000, 0x0000000800000000)
  region size 2048K, 2 young (4096K), 2 survivors (4096K)
 Metaspace       used 29296K, committed 29760K, reserved 1114112K
  class space    used 3826K, committed 4032K, reserved 1048576K
}
Event: 2.873 GC heap before
{Heap before GC invocations=6 (full 0):
 garbage-first heap   total 55296K, used 38310K [0x0000000703a00000, 0x0000000800000000)
  region size 2048K, 13 young (26624K), 2 survivors (4096K)
 Metaspace       used 32839K, committed 33280K, reserved 1114112K
  class space    used 4269K, committed 4480K, reserved 1048576K
}
Event: 2.876 GC heap after
{Heap after GC invocations=7 (full 0):
 garbage-first heap   total 157696K, used 19719K [0x0000000703a00000, 0x0000000800000000)
  region size 2048K, 1 young (2048K), 1 survivors (2048K)
 Metaspace       used 32839K, committed 33280K, reserved 1114112K
  class space    used 4269K, committed 4480K, reserved 1048576K
}
Event: 3.099 GC heap before
{Heap before GC invocations=7 (full 0):
 garbage-first heap   total 157696K, used 29959K [0x0000000703a00000, 0x0000000800000000)
  region size 2048K, 7 young (14336K), 1 survivors (2048K)
 Metaspace       used 35445K, committed 35968K, reserved 1114112K
  class space    used 4628K, committed 4864K, reserved 1048576K
}
Event: 3.101 GC heap after
{Heap after GC invocations=8 (full 0):
 garbage-first heap   total 157696K, used 20273K [0x0000000703a00000, 0x0000000800000000)
  region size 2048K, 2 young (4096K), 2 survivors (4096K)
 Metaspace       used 35445K, committed 35968K, reserved 1114112K
  class space    used 4628K, committed 4864K, reserved 1048576K
}
Event: 4.193 GC heap before
{Heap before GC invocations=9 (full 0):
 garbage-first heap   total 81920K, used 65329K [0x0000000703a00000, 0x0000000800000000)
  region size 2048K, 24 young (49152K), 2 survivors (4096K)
 Metaspace       used 51367K, committed 51968K, reserved 1114112K
  class space    used 6747K, committed 7040K, reserved 1048576K
}
Event: 4.197 GC heap after
{Heap after GC invocations=10 (full 0):
 garbage-first heap   total 81920K, used 24053K [0x0000000703a00000, 0x0000000800000000)
  region size 2048K, 3 young (6144K), 3 survivors (6144K)
 Metaspace       used 51367K, committed 51968K, reserved 1114112K
  class space    used 6747K, committed 7040K, reserved 1048576K
}
Event: 4.649 GC heap before
{Heap before GC invocations=10 (full 0):
 garbage-first heap   total 81920K, used 50677K [0x0000000703a00000, 0x0000000800000000)
  region size 2048K, 17 young (34816K), 3 survivors (6144K)
 Metaspace       used 59713K, committed 60416K, reserved 1114112K
  class space    used 8063K, committed 8384K, reserved 1048576K
}
Event: 4.654 GC heap after
{Heap after GC invocations=11 (full 0):
 garbage-first heap   total 81920K, used 25845K [0x0000000703a00000, 0x0000000800000000)
  region size 2048K, 2 young (4096K), 2 survivors (4096K)
 Metaspace       used 59713K, committed 60416K, reserved 1114112K
  class space    used 8063K, committed 8384K, reserved 1048576K
}
Event: 4.666 GC heap before
{Heap before GC invocations=11 (full 0):
 garbage-first heap   total 81920K, used 25845K [0x0000000703a00000, 0x0000000800000000)
  region size 2048K, 3 young (6144K), 2 survivors (4096K)
 Metaspace       used 60131K, committed 60736K, reserved 1114112K
  class space    used 8102K, committed 8384K, reserved 1048576K
}
Event: 4.668 GC heap after
{Heap after GC invocations=12 (full 0):
 garbage-first heap   total 81920K, used 25257K [0x0000000703a00000, 0x0000000800000000)
  region size 2048K, 1 young (2048K), 1 survivors (2048K)
 Metaspace       used 60131K, committed 60736K, reserved 1114112K
  class space    used 8102K, committed 8384K, reserved 1048576K
}
Event: 5.495 GC heap before
{Heap before GC invocations=13 (full 0):
 garbage-first heap   total 81920K, used 70313K [0x0000000703a00000, 0x0000000800000000)
  region size 2048K, 23 young (47104K), 1 survivors (2048K)
 Metaspace       used 69109K, committed 69760K, reserved 1114112K
  class space    used 9397K, committed 9664K, reserved 1048576K
}
Event: 5.499 GC heap after
{Heap after GC invocations=14 (full 0):
 garbage-first heap   total 81920K, used 28585K [0x0000000703a00000, 0x0000000800000000)
  region size 2048K, 3 young (6144K), 3 survivors (6144K)
 Metaspace       used 69109K, committed 69760K, reserved 1114112K
  class space    used 9397K, committed 9664K, reserved 1048576K
}
Event: 7.846 GC heap before
{Heap before GC invocations=14 (full 0):
 garbage-first heap   total 81920K, used 69545K [0x0000000703a00000, 0x0000000800000000)
  region size 2048K, 23 young (47104K), 3 survivors (6144K)
 Metaspace       used 72627K, committed 73344K, reserved 1114112K
  class space    used 9897K, committed 10240K, reserved 1048576K
}
Event: 7.851 GC heap after
{Heap after GC invocations=15 (full 0):
 garbage-first heap   total 81920K, used 31310K [0x0000000703a00000, 0x0000000800000000)
  region size 2048K, 2 young (4096K), 2 survivors (4096K)
 Metaspace       used 72627K, committed 73344K, reserved 1114112K
  class space    used 9897K, committed 10240K, reserved 1048576K
}

